[2024/03/12 17:35:20] ppocr INFO: Architecture : 
[2024/03/12 17:35:20] ppocr INFO:     Backbone : 
[2024/03/12 17:35:20] ppocr INFO:         last_conv_stride : [1, 2]
[2024/03/12 17:35:20] ppocr INFO:         last_pool_kernel_size : [2, 2]
[2024/03/12 17:35:20] ppocr INFO:         last_pool_type : avg
[2024/03/12 17:35:20] ppocr INFO:         name : MobileNetV1Enhance
[2024/03/12 17:35:20] ppocr INFO:         scale : 0.5
[2024/03/12 17:35:20] ppocr INFO:     Head : 
[2024/03/12 17:35:20] ppocr INFO:         head_list : 
[2024/03/12 17:35:20] ppocr INFO:             CTCHead : 
[2024/03/12 17:35:20] ppocr INFO:                 Head : 
[2024/03/12 17:35:20] ppocr INFO:                     fc_decay : 1e-05
[2024/03/12 17:35:20] ppocr INFO:                 Neck : 
[2024/03/12 17:35:20] ppocr INFO:                     depth : 2
[2024/03/12 17:35:20] ppocr INFO:                     dims : 64
[2024/03/12 17:35:20] ppocr INFO:                     hidden_dims : 120
[2024/03/12 17:35:20] ppocr INFO:                     name : svtr
[2024/03/12 17:35:20] ppocr INFO:                     use_guide : True
[2024/03/12 17:35:20] ppocr INFO:             SARHead : 
[2024/03/12 17:35:20] ppocr INFO:                 enc_dim : 512
[2024/03/12 17:35:20] ppocr INFO:                 max_text_length : 25
[2024/03/12 17:35:20] ppocr INFO:         name : MultiHead
[2024/03/12 17:35:20] ppocr INFO:     Transform : None
[2024/03/12 17:35:20] ppocr INFO:     algorithm : SVTR_LCNet
[2024/03/12 17:35:20] ppocr INFO:     model_type : rec
[2024/03/12 17:35:20] ppocr INFO: Eval : 
[2024/03/12 17:35:20] ppocr INFO:     dataset : 
[2024/03/12 17:35:20] ppocr INFO:         data_dir : ./train_data
[2024/03/12 17:35:20] ppocr INFO:         label_file_list : ['./train_data/val_list.txt']
[2024/03/12 17:35:20] ppocr INFO:         name : SimpleDataSet
[2024/03/12 17:35:20] ppocr INFO:         transforms : 
[2024/03/12 17:35:20] ppocr INFO:             DecodeImage : 
[2024/03/12 17:35:20] ppocr INFO:                 channel_first : False
[2024/03/12 17:35:20] ppocr INFO:                 img_mode : BGR
[2024/03/12 17:35:20] ppocr INFO:             MultiLabelEncode : None
[2024/03/12 17:35:20] ppocr INFO:             RecResizeImg : 
[2024/03/12 17:35:20] ppocr INFO:                 image_shape : [3, 48, 320]
[2024/03/12 17:35:20] ppocr INFO:             KeepKeys : 
[2024/03/12 17:35:20] ppocr INFO:                 keep_keys : ['image', 'label_ctc', 'label_sar', 'length', 'valid_ratio']
[2024/03/12 17:35:20] ppocr INFO:     loader : 
[2024/03/12 17:35:20] ppocr INFO:         batch_size_per_card : 128
[2024/03/12 17:35:20] ppocr INFO:         drop_last : False
[2024/03/12 17:35:20] ppocr INFO:         num_workers : 4
[2024/03/12 17:35:20] ppocr INFO:         shuffle : False
[2024/03/12 17:35:20] ppocr INFO: Global : 
[2024/03/12 17:35:20] ppocr INFO:     cal_metric_during_train : True
[2024/03/12 17:35:20] ppocr INFO:     character_dict_path : ppocr/utils/en_dict.txt
[2024/03/12 17:35:20] ppocr INFO:     checkpoints : None
[2024/03/12 17:35:20] ppocr INFO:     debug : False
[2024/03/12 17:35:20] ppocr INFO:     distributed : False
[2024/03/12 17:35:20] ppocr INFO:     epoch_num : 500
[2024/03/12 17:35:20] ppocr INFO:     eval_batch_step : [0, 2000]
[2024/03/12 17:35:20] ppocr INFO:     infer_img : doc/imgs_words/ch/word_1.jpg
[2024/03/12 17:35:20] ppocr INFO:     infer_mode : False
[2024/03/12 17:35:20] ppocr INFO:     log_smooth_window : 20
[2024/03/12 17:35:20] ppocr INFO:     max_text_length : 25
[2024/03/12 17:35:20] ppocr INFO:     pretrained_model : ./pretrain_models/en_PP-OCRv4_rec_train/best_accuracy
[2024/03/12 17:35:20] ppocr INFO:     print_batch_step : 10
[2024/03/12 17:35:20] ppocr INFO:     save_epoch_step : 3
[2024/03/12 17:35:20] ppocr INFO:     save_inference_dir : None
[2024/03/12 17:35:20] ppocr INFO:     save_model_dir : ./output/v3_en_mobile
[2024/03/12 17:35:20] ppocr INFO:     save_res_path : ./output/rec/predicts_ppocrv3_en.txt
[2024/03/12 17:35:20] ppocr INFO:     use_gpu : True
[2024/03/12 17:35:20] ppocr INFO:     use_space_char : True
[2024/03/12 17:35:20] ppocr INFO:     use_visualdl : False
[2024/03/12 17:35:20] ppocr INFO: Loss : 
[2024/03/12 17:35:20] ppocr INFO:     loss_config_list : 
[2024/03/12 17:35:20] ppocr INFO:         CTCLoss : None
[2024/03/12 17:35:20] ppocr INFO:         SARLoss : None
[2024/03/12 17:35:20] ppocr INFO:     name : MultiLoss
[2024/03/12 17:35:20] ppocr INFO: Metric : 
[2024/03/12 17:35:20] ppocr INFO:     ignore_space : False
[2024/03/12 17:35:20] ppocr INFO:     main_indicator : acc
[2024/03/12 17:35:20] ppocr INFO:     name : RecMetric
[2024/03/12 17:35:20] ppocr INFO: Optimizer : 
[2024/03/12 17:35:20] ppocr INFO:     beta1 : 0.9
[2024/03/12 17:35:20] ppocr INFO:     beta2 : 0.999
[2024/03/12 17:35:20] ppocr INFO:     lr : 
[2024/03/12 17:35:20] ppocr INFO:         learning_rate : 0.001
[2024/03/12 17:35:20] ppocr INFO:         name : Cosine
[2024/03/12 17:35:20] ppocr INFO:         warmup_epoch : 5
[2024/03/12 17:35:20] ppocr INFO:     name : Adam
[2024/03/12 17:35:20] ppocr INFO:     regularizer : 
[2024/03/12 17:35:20] ppocr INFO:         factor : 3e-05
[2024/03/12 17:35:20] ppocr INFO:         name : L2
[2024/03/12 17:35:20] ppocr INFO: PostProcess : 
[2024/03/12 17:35:20] ppocr INFO:     name : CTCLabelDecode
[2024/03/12 17:35:20] ppocr INFO: Train : 
[2024/03/12 17:35:20] ppocr INFO:     dataset : 
[2024/03/12 17:35:20] ppocr INFO:         data_dir : ./train_data/
[2024/03/12 17:35:20] ppocr INFO:         ext_op_transform_idx : 1
[2024/03/12 17:35:20] ppocr INFO:         label_file_list : ['./train_data/train_list.txt']
[2024/03/12 17:35:20] ppocr INFO:         name : SimpleDataSet
[2024/03/12 17:35:20] ppocr INFO:         transforms : 
[2024/03/12 17:35:20] ppocr INFO:             DecodeImage : 
[2024/03/12 17:35:20] ppocr INFO:                 channel_first : False
[2024/03/12 17:35:20] ppocr INFO:                 img_mode : BGR
[2024/03/12 17:35:20] ppocr INFO:             RecConAug : 
[2024/03/12 17:35:20] ppocr INFO:                 ext_data_num : 2
[2024/03/12 17:35:20] ppocr INFO:                 image_shape : [48, 320, 3]
[2024/03/12 17:35:20] ppocr INFO:                 max_text_length : 25
[2024/03/12 17:35:20] ppocr INFO:                 prob : 0.5
[2024/03/12 17:35:20] ppocr INFO:             RecAug : None
[2024/03/12 17:35:20] ppocr INFO:             MultiLabelEncode : None
[2024/03/12 17:35:20] ppocr INFO:             RecResizeImg : 
[2024/03/12 17:35:20] ppocr INFO:                 image_shape : [3, 48, 320]
[2024/03/12 17:35:20] ppocr INFO:             KeepKeys : 
[2024/03/12 17:35:20] ppocr INFO:                 keep_keys : ['image', 'label_ctc', 'label_sar', 'length', 'valid_ratio']
[2024/03/12 17:35:20] ppocr INFO:     loader : 
[2024/03/12 17:35:20] ppocr INFO:         batch_size_per_card : 128
[2024/03/12 17:35:20] ppocr INFO:         drop_last : True
[2024/03/12 17:35:20] ppocr INFO:         num_workers : 4
[2024/03/12 17:35:20] ppocr INFO:         shuffle : True
[2024/03/12 17:35:20] ppocr INFO: profiler_options : None
[2024/03/12 17:35:20] ppocr INFO: train with paddle 2.6.0 and device Place(gpu:0)
[2024/03/12 17:35:20] ppocr INFO: Initialize indexs of datasets:['./train_data/train_list.txt']
